<?xml version="1.0" encoding="UTF-8"?>
<testng-results ignored="0" total="3" passed="3" failed="0" skipped="0">
  <reporter-output>
  </reporter-output>
  <suite started-at="2024-09-04T07:21:07 EDT" name="Default suite" finished-at="2024-09-04T07:21:35 EDT" duration-ms="28199">
    <groups>
    </groups>
    <test started-at="2024-09-04T07:21:07 EDT" name="Default test" finished-at="2024-09-04T07:21:35 EDT" duration-ms="28199">
      <class name="practice.Asgn11">
        <test-method is-config="true" signature="beforeClass()[pri:0, instance:practice.Asgn11@48aca48b]" started-at="2024-09-04T07:21:07 EDT" name="beforeClass" finished-at="2024-09-04T07:21:10 EDT" duration-ms="3383" status="PASS">
          <reporter-output>
          </reporter-output>
        </test-method> <!-- beforeClass -->
        <test-method signature="tc_01()[pri:0, instance:practice.Asgn11@48aca48b]" started-at="2024-09-04T07:21:10 EDT" name="tc_01" finished-at="2024-09-04T07:21:16 EDT" duration-ms="5910" status="PASS">
          <reporter-output>
          </reporter-output>
        </test-method> <!-- tc_01 -->
        <test-method is-config="true" signature="afterMethod()[pri:0, instance:practice.Asgn11@48aca48b]" started-at="2024-09-04T07:21:16 EDT" name="afterMethod" finished-at="2024-09-04T07:21:16 EDT" duration-ms="201" status="PASS">
          <reporter-output>
          </reporter-output>
        </test-method> <!-- afterMethod -->
        <test-method signature="tc_02()[pri:0, instance:practice.Asgn11@48aca48b]" started-at="2024-09-04T07:21:16 EDT" name="tc_02" finished-at="2024-09-04T07:21:20 EDT" duration-ms="4148" status="PASS">
          <reporter-output>
          </reporter-output>
        </test-method> <!-- tc_02 -->
        <test-method is-config="true" signature="afterMethod()[pri:0, instance:practice.Asgn11@48aca48b]" started-at="2024-09-04T07:21:20 EDT" name="afterMethod" finished-at="2024-09-04T07:21:21 EDT" duration-ms="106" status="PASS">
          <reporter-output>
          </reporter-output>
        </test-method> <!-- afterMethod -->
        <test-method signature="tc_03()[pri:0, instance:practice.Asgn11@48aca48b]" started-at="2024-09-04T07:21:21 EDT" name="tc_03" finished-at="2024-09-04T07:21:25 EDT" duration-ms="4167" status="PASS">
          <reporter-output>
          </reporter-output>
        </test-method> <!-- tc_03 -->
        <test-method is-config="true" signature="afterMethod()[pri:0, instance:practice.Asgn11@48aca48b]" started-at="2024-09-04T07:21:25 EDT" name="afterMethod" finished-at="2024-09-04T07:21:25 EDT" duration-ms="120" status="PASS">
          <reporter-output>
          </reporter-output>
        </test-method> <!-- afterMethod -->
        <test-method is-config="true" signature="afterClass()[pri:0, instance:practice.Asgn11@48aca48b]" started-at="2024-09-04T07:21:25 EDT" name="afterClass" finished-at="2024-09-04T07:21:35 EDT" duration-ms="10090" status="PASS">
          <reporter-output>
          </reporter-output>
        </test-method> <!-- afterClass -->
      </class> <!-- practice.Asgn11 -->
    </test> <!-- Default test -->
  </suite> <!-- Default suite -->
</testng-results>
